<?xml version="1.0" encoding="UTF-8"?>
<testsuite xmlns:xsi="http://www.w3.org/2001/XMLSchema-instance" xsi:noNamespaceSchemaLocation="https://maven.apache.org/surefire/maven-surefire-plugin/xsd/surefire-test-report.xsd" version="3.0.2" name="cucumber.Options.TestRunner" time="14.628" tests="3" errors="0" skipped="0" failures="0">
  <properties>
    <property name="gopherProxySet" value="false"/>
    <property name="awt.toolkit" value="sun.lwawt.macosx.LWCToolkit"/>
    <property name="java.specification.version" value="11"/>
    <property name="sun.cpu.isalist" value=""/>
    <property name="sun.jnu.encoding" value="UTF-8"/>
    <property name="java.class.path" value="/Users/santoshkedar/work/RestAPI/APIFramework/target/test-classes:/Users/santoshkedar/work/RestAPI/APIFramework/target/classes:/Users/santoshkedar/.m2/repository/io/rest-assured/rest-assured/5.4.0/rest-assured-5.4.0.jar:/Users/santoshkedar/.m2/repository/org/apache/groovy/groovy/4.0.16/groovy-4.0.16.jar:/Users/santoshkedar/.m2/repository/org/apache/groovy/groovy-xml/4.0.16/groovy-xml-4.0.16.jar:/Users/santoshkedar/.m2/repository/org/apache/httpcomponents/httpclient/4.5.13/httpclient-4.5.13.jar:/Users/santoshkedar/.m2/repository/org/apache/httpcomponents/httpcore/4.4.13/httpcore-4.4.13.jar:/Users/santoshkedar/.m2/repository/commons-logging/commons-logging/1.2/commons-logging-1.2.jar:/Users/santoshkedar/.m2/repository/commons-codec/commons-codec/1.11/commons-codec-1.11.jar:/Users/santoshkedar/.m2/repository/org/apache/httpcomponents/httpmime/4.5.13/httpmime-4.5.13.jar:/Users/santoshkedar/.m2/repository/org/hamcrest/hamcrest/2.2/hamcrest-2.2.jar:/Users/santoshkedar/.m2/repository/org/ccil/cowan/tagsoup/tagsoup/1.2.1/tagsoup-1.2.1.jar:/Users/santoshkedar/.m2/repository/io/rest-assured/json-path/5.4.0/json-path-5.4.0.jar:/Users/santoshkedar/.m2/repository/org/apache/groovy/groovy-json/4.0.16/groovy-json-4.0.16.jar:/Users/santoshkedar/.m2/repository/io/rest-assured/rest-assured-common/5.4.0/rest-assured-common-5.4.0.jar:/Users/santoshkedar/.m2/repository/io/rest-assured/xml-path/5.4.0/xml-path-5.4.0.jar:/Users/santoshkedar/.m2/repository/org/apache/commons/commons-lang3/3.11/commons-lang3-3.11.jar:/Users/santoshkedar/.m2/repository/io/cucumber/cucumber-java/7.17.0/cucumber-java-7.17.0.jar:/Users/santoshkedar/.m2/repository/org/apiguardian/apiguardian-api/1.1.2/apiguardian-api-1.1.2.jar:/Users/santoshkedar/.m2/repository/io/cucumber/cucumber-core/7.17.0/cucumber-core-7.17.0.jar:/Users/santoshkedar/.m2/repository/io/cucumber/cucumber-gherkin/7.17.0/cucumber-gherkin-7.17.0.jar:/Users/santoshkedar/.m2/repository/io/cucumber/cucumber-gherkin-messages/7.17.0/cucumber-gherkin-messages-7.17.0.jar:/Users/santoshkedar/.m2/repository/io/cucumber/gherkin/28.0.0/gherkin-28.0.0.jar:/Users/santoshkedar/.m2/repository/io/cucumber/messages/24.1.0/messages-24.1.0.jar:/Users/santoshkedar/.m2/repository/io/cucumber/testng-xml-formatter/0.1.0/testng-xml-formatter-0.1.0.jar:/Users/santoshkedar/.m2/repository/io/cucumber/query/12.2.0/query-12.2.0.jar:/Users/santoshkedar/.m2/repository/io/cucumber/tag-expressions/6.1.0/tag-expressions-6.1.0.jar:/Users/santoshkedar/.m2/repository/io/cucumber/cucumber-expressions/17.1.0/cucumber-expressions-17.1.0.jar:/Users/santoshkedar/.m2/repository/io/cucumber/datatable/7.17.0/datatable-7.17.0.jar:/Users/santoshkedar/.m2/repository/io/cucumber/cucumber-plugin/7.17.0/cucumber-plugin-7.17.0.jar:/Users/santoshkedar/.m2/repository/io/cucumber/docstring/7.17.0/docstring-7.17.0.jar:/Users/santoshkedar/.m2/repository/io/cucumber/html-formatter/21.3.1/html-formatter-21.3.1.jar:/Users/santoshkedar/.m2/repository/io/cucumber/junit-xml-formatter/0.4.0/junit-xml-formatter-0.4.0.jar:/Users/santoshkedar/.m2/repository/io/cucumber/ci-environment/10.0.1/ci-environment-10.0.1.jar:/Users/santoshkedar/.m2/repository/io/cucumber/cucumber-junit/7.17.0/cucumber-junit-7.17.0.jar:/Users/santoshkedar/.m2/repository/junit/junit/4.13.2/junit-4.13.2.jar:/Users/santoshkedar/.m2/repository/org/hamcrest/hamcrest-core/1.3/hamcrest-core-1.3.jar:/Users/santoshkedar/.m2/repository/com/fasterxml/jackson/core/jackson-databind/2.17.0/jackson-databind-2.17.0.jar:/Users/santoshkedar/.m2/repository/com/fasterxml/jackson/core/jackson-annotations/2.17.0/jackson-annotations-2.17.0.jar:/Users/santoshkedar/.m2/repository/com/fasterxml/jackson/core/jackson-core/2.17.0/jackson-core-2.17.0.jar:/Users/santoshkedar/.m2/repository/net/bytebuddy/byte-buddy/1.14.9/byte-buddy-1.14.9.jar:/Users/santoshkedar/.m2/repository/org/codehaus/groovy/groovy/3.0.21/groovy-3.0.21.jar:"/>
    <property name="java.vm.vendor" value="Oracle Corporation"/>
    <property name="sun.arch.data.model" value="64"/>
    <property name="java.vendor.url" value="https://openjdk.java.net/"/>
    <property name="user.timezone" value=""/>
    <property name="java.vm.specification.version" value="11"/>
    <property name="os.name" value="Mac OS X"/>
    <property name="sun.java.launcher" value="SUN_STANDARD"/>
    <property name="user.country" value="US"/>
    <property name="sun.boot.library.path" value="/Library/Java/JavaVirtualMachines/jdk-11.0.17.jdk/Contents/Home/lib"/>
    <property name="sun.java.command" value="/Users/santoshkedar/work/RestAPI/APIFramework/target/surefire/surefirebooter-20250204000511651_3.jar /Users/santoshkedar/work/RestAPI/APIFramework/target/surefire 2025-02-04T00-05-11_596-jvmRun1 surefire-20250204000511651_1tmp surefire_0-20250204000511651_2tmp"/>
    <property name="jdk.debug" value="release"/>
    <property name="surefire.test.class.path" value="/Users/santoshkedar/work/RestAPI/APIFramework/target/test-classes:/Users/santoshkedar/work/RestAPI/APIFramework/target/classes:/Users/santoshkedar/.m2/repository/io/rest-assured/rest-assured/5.4.0/rest-assured-5.4.0.jar:/Users/santoshkedar/.m2/repository/org/apache/groovy/groovy/4.0.16/groovy-4.0.16.jar:/Users/santoshkedar/.m2/repository/org/apache/groovy/groovy-xml/4.0.16/groovy-xml-4.0.16.jar:/Users/santoshkedar/.m2/repository/org/apache/httpcomponents/httpclient/4.5.13/httpclient-4.5.13.jar:/Users/santoshkedar/.m2/repository/org/apache/httpcomponents/httpcore/4.4.13/httpcore-4.4.13.jar:/Users/santoshkedar/.m2/repository/commons-logging/commons-logging/1.2/commons-logging-1.2.jar:/Users/santoshkedar/.m2/repository/commons-codec/commons-codec/1.11/commons-codec-1.11.jar:/Users/santoshkedar/.m2/repository/org/apache/httpcomponents/httpmime/4.5.13/httpmime-4.5.13.jar:/Users/santoshkedar/.m2/repository/org/hamcrest/hamcrest/2.2/hamcrest-2.2.jar:/Users/santoshkedar/.m2/repository/org/ccil/cowan/tagsoup/tagsoup/1.2.1/tagsoup-1.2.1.jar:/Users/santoshkedar/.m2/repository/io/rest-assured/json-path/5.4.0/json-path-5.4.0.jar:/Users/santoshkedar/.m2/repository/org/apache/groovy/groovy-json/4.0.16/groovy-json-4.0.16.jar:/Users/santoshkedar/.m2/repository/io/rest-assured/rest-assured-common/5.4.0/rest-assured-common-5.4.0.jar:/Users/santoshkedar/.m2/repository/io/rest-assured/xml-path/5.4.0/xml-path-5.4.0.jar:/Users/santoshkedar/.m2/repository/org/apache/commons/commons-lang3/3.11/commons-lang3-3.11.jar:/Users/santoshkedar/.m2/repository/io/cucumber/cucumber-java/7.17.0/cucumber-java-7.17.0.jar:/Users/santoshkedar/.m2/repository/org/apiguardian/apiguardian-api/1.1.2/apiguardian-api-1.1.2.jar:/Users/santoshkedar/.m2/repository/io/cucumber/cucumber-core/7.17.0/cucumber-core-7.17.0.jar:/Users/santoshkedar/.m2/repository/io/cucumber/cucumber-gherkin/7.17.0/cucumber-gherkin-7.17.0.jar:/Users/santoshkedar/.m2/repository/io/cucumber/cucumber-gherkin-messages/7.17.0/cucumber-gherkin-messages-7.17.0.jar:/Users/santoshkedar/.m2/repository/io/cucumber/gherkin/28.0.0/gherkin-28.0.0.jar:/Users/santoshkedar/.m2/repository/io/cucumber/messages/24.1.0/messages-24.1.0.jar:/Users/santoshkedar/.m2/repository/io/cucumber/testng-xml-formatter/0.1.0/testng-xml-formatter-0.1.0.jar:/Users/santoshkedar/.m2/repository/io/cucumber/query/12.2.0/query-12.2.0.jar:/Users/santoshkedar/.m2/repository/io/cucumber/tag-expressions/6.1.0/tag-expressions-6.1.0.jar:/Users/santoshkedar/.m2/repository/io/cucumber/cucumber-expressions/17.1.0/cucumber-expressions-17.1.0.jar:/Users/santoshkedar/.m2/repository/io/cucumber/datatable/7.17.0/datatable-7.17.0.jar:/Users/santoshkedar/.m2/repository/io/cucumber/cucumber-plugin/7.17.0/cucumber-plugin-7.17.0.jar:/Users/santoshkedar/.m2/repository/io/cucumber/docstring/7.17.0/docstring-7.17.0.jar:/Users/santoshkedar/.m2/repository/io/cucumber/html-formatter/21.3.1/html-formatter-21.3.1.jar:/Users/santoshkedar/.m2/repository/io/cucumber/junit-xml-formatter/0.4.0/junit-xml-formatter-0.4.0.jar:/Users/santoshkedar/.m2/repository/io/cucumber/ci-environment/10.0.1/ci-environment-10.0.1.jar:/Users/santoshkedar/.m2/repository/io/cucumber/cucumber-junit/7.17.0/cucumber-junit-7.17.0.jar:/Users/santoshkedar/.m2/repository/junit/junit/4.13.2/junit-4.13.2.jar:/Users/santoshkedar/.m2/repository/org/hamcrest/hamcrest-core/1.3/hamcrest-core-1.3.jar:/Users/santoshkedar/.m2/repository/com/fasterxml/jackson/core/jackson-databind/2.17.0/jackson-databind-2.17.0.jar:/Users/santoshkedar/.m2/repository/com/fasterxml/jackson/core/jackson-annotations/2.17.0/jackson-annotations-2.17.0.jar:/Users/santoshkedar/.m2/repository/com/fasterxml/jackson/core/jackson-core/2.17.0/jackson-core-2.17.0.jar:/Users/santoshkedar/.m2/repository/net/bytebuddy/byte-buddy/1.14.9/byte-buddy-1.14.9.jar:/Users/santoshkedar/.m2/repository/org/codehaus/groovy/groovy/3.0.21/groovy-3.0.21.jar:"/>
    <property name="sun.cpu.endian" value="little"/>
    <property name="user.home" value="/Users/santoshkedar"/>
    <property name="user.language" value="en"/>
    <property name="java.specification.vendor" value="Oracle Corporation"/>
    <property name="java.version.date" value="2022-10-18"/>
    <property name="java.home" value="/Library/Java/JavaVirtualMachines/jdk-11.0.17.jdk/Contents/Home"/>
    <property name="cucumber.filter.tag" value="Regression"/>
    <property name="file.separator" value="/"/>
    <property name="basedir" value="/Users/santoshkedar/work/RestAPI/APIFramework"/>
    <property name="java.vm.compressedOopsMode" value="Zero based"/>
    <property name="line.separator" value="&#10;"/>
    <property name="java.specification.name" value="Java Platform API Specification"/>
    <property name="java.vm.specification.vendor" value="Oracle Corporation"/>
    <property name="java.awt.graphicsenv" value="sun.awt.CGraphicsEnvironment"/>
    <property name="surefire.real.class.path" value="/Users/santoshkedar/work/RestAPI/APIFramework/target/surefire/surefirebooter-20250204000511651_3.jar"/>
    <property name="sun.management.compiler" value="HotSpot 64-Bit Tiered Compilers"/>
    <property name="java.runtime.version" value="11.0.17+10-LTS-269"/>
    <property name="user.name" value="santoshkedar"/>
    <property name="path.separator" value=":"/>
    <property name="os.version" value="15.2"/>
    <property name="java.runtime.name" value="Java(TM) SE Runtime Environment"/>
    <property name="file.encoding" value="UTF-8"/>
    <property name="java.vm.name" value="Java HotSpot(TM) 64-Bit Server VM"/>
    <property name="java.vendor.version" value="18.9"/>
    <property name="localRepository" value="/Users/santoshkedar/.m2/repository"/>
    <property name="java.vendor.url.bug" value="https://bugreport.java.com/bugreport/"/>
    <property name="java.io.tmpdir" value="/var/folders/vx/hcpp04pn6nb_q0c56hwcv84c0000gn/T/"/>
    <property name="java.version" value="11.0.17"/>
    <property name="user.dir" value="/Users/santoshkedar/work/RestAPI/APIFramework"/>
    <property name="os.arch" value="aarch64"/>
    <property name="java.vm.specification.name" value="Java Virtual Machine Specification"/>
    <property name="java.awt.printerjob" value="sun.lwawt.macosx.CPrinterJob"/>
    <property name="sun.os.patch.level" value="unknown"/>
    <property name="java.library.path" value="/Users/santoshkedar/Library/Java/Extensions:/Library/Java/Extensions:/Network/Library/Java/Extensions:/System/Library/Java/Extensions:/usr/lib/java:."/>
    <property name="java.vendor" value="Oracle Corporation"/>
    <property name="java.vm.info" value="mixed mode"/>
    <property name="java.vm.version" value="11.0.17+10-LTS-269"/>
    <property name="sun.io.unicode.encoding" value="UnicodeBig"/>
    <property name="java.class.version" value="55.0"/>
  </properties>
  <testcase name="Verify whether Place is being successfully added using AddPlaceAPI #1" classname="Validating Place API&apos;s" time="4.587"/>
  <testcase name="Verify whether Place is being successfully added using AddPlaceAPI #2" classname="Validating Place API&apos;s" time="3.543"/>
  <testcase name="Verify if Delete Place API is working successfully" classname="Validating Place API&apos;s" time="6.183"/>
</testsuite>